[33mwarn[39m:    --minUptime not set. Defaulting to: 1000ms
[33mwarn[39m:    --spinSleepTime not set. Your script will exit if it does not stay up for at least 1000ms
[0mGET / [32m200 [0m22.190 ms - 118[0m
[0mGET / [32m200 [0m6.464 ms - 118[0m
[0mGET /login [32m200 [0m10.230 ms - -[0m
[0mGET /js/src/controls/spinningMap.js [36m304 [0m5.368 ms - -[0m
[0mGET /js/lib/mapbox.js/mapbox.2.1.4.js [36m304 [0m2.676 ms - -[0m
[0mGET /js/lib/mapbox-gl.js/mapbox-gl.js [36m304 [0m2.988 ms - -[0m
[0mGET /dist/css.login.min.css [36m304 [0m2.522 ms - -[0m
[0mGET /js/src/core/login.js [36m304 [0m3.172 ms - -[0m
[0mGET /css/images/systemapic-login-logo.png [36m304 [0m1.561 ms - -[0m
[0mGET /dist/images/icons-000000@2x.png [36m304 [0m1.518 ms - -[0m
[0mPOST /login [36m302 [0m99.801 ms - 58[0m
[0mGET / [32m200 [0m24.685 ms - -[0m
[0mGET /js/src/leaflet.js/plugins/leaflet-search/src/leaflet-search.css [36m304 [0m9.110 ms - -[0m
[0mGET /js/lib/codemirror/lib/codemirror.css [36m304 [0m12.125 ms - -[0m
[0mGET /js/lib/codemirror/mode/cartocss/codemirror.fetta.css [36m304 [0m15.061 ms - -[0m
[0mGET /dist/css.dependencies.min.css [36m304 [0m11.244 ms - -[0m
[0mGET /js/lib/codemirror/mode/cartocss/codemirror.carto.css [36m304 [0m10.662 ms - -[0m
[0mGET /js/lib/codemirror/mode/cartocss/spectrum.css [36m304 [0m10.388 ms - -[0m
[0mGET /css/opentip.css [36m304 [0m3.638 ms - -[0m
[0mGET /js/lib/codemirror/theme/mbo.css [36m304 [0m6.057 ms - -[0m
[0mGET /css/evil.css [36m304 [0m8.092 ms - -[0m
[0mGET /css/style.css [36m304 [0m7.131 ms - -[0m
[0mGET /css/knut.css [36m304 [0m7.249 ms - -[0m
[0mGET /js/lib/codemirror/mode/cartocss/jquery-2.1.1.min.js [36m304 [0m5.618 ms - -[0m
[0mGET /js/lib/lodash/lodash.min.js [36m304 [0m3.373 ms - -[0m
[0mGET /js/lib/async/async.js [36m304 [0m4.187 ms - -[0m
[0mGET /js/src/leaflet.js/leaflet-0.7.3-src.js [36m304 [0m5.256 ms - -[0m
[0mGET /js/lib/parallel.js/parallel.js [36m304 [0m6.715 ms - -[0m
[0mGET /js/lib/mapbox.js/mapbox.standalone.uncompressed.js [36m304 [0m6.331 ms - -[0m
[0mGET /js/src/leaflet.js/plugins/leaflet.geojson.draw.js [36m304 [0m6.176 ms - -[0m
[0mGET /js/src/leaflet.js/plugins/leaflet.draw-src.js [36m304 [0m2.482 ms - -[0m
[0mGET /js/src/leaflet.js/plugins/leaflet.utfgrid.js [36m304 [0m8.308 ms - -[0m
[0mGET /js/lib/d3.js/topojson.v1.min.js [36m304 [0m17.782 ms - -[0m
[0mGET /js/src/leaflet.js/plugins/leaflet-search/src/leaflet-search.js [36m304 [0m15.980 ms - -[0m
[0mGET /js/lib/dropzone.js/dropzone.min.js [36m304 [0m15.112 ms - -[0m
[0mGET /js/lib/icanhaz/icanhaz.min.js [36m304 [0m6.358 ms - -[0m
[0mGET /js/lib/list.js/list.min.js [36m304 [0m5.428 ms - -[0m
[0mGET /js/lib/sortable.js/Sortable.js [36m304 [0m3.747 ms - -[0m
[0mGET /js/lib/powerange/powerange.min.js [36m304 [0m2.405 ms - -[0m
[0mGET /js/src/grande.js/js/grande.js [36m304 [0m1.784 ms - -[0m
[0mGET /js/src/grande.js/js/grande.class.js [36m304 [0m2.172 ms - -[0m
[0mGET /js/src/grande.js/js/grande.attachments.js [36m304 [0m3.111 ms - -[0m
[0mGET /js/lib/codemirror/mode/cartocss/cartoref.js [36m304 [0m3.422 ms - -[0m
[0mGET /js/lib/codemirror/lib/codemirror.js [36m304 [0m2.942 ms - -[0m
[0mGET /js/lib/codemirror/mode/cartocss/runmode.js [36m304 [0m3.297 ms - -[0m
[0mGET /js/lib/codemirror/mode/cartocss/codemirror.carto.js [36m304 [0m2.704 ms - -[0m
[0mGET /js/lib/codemirror/mode/cartocss/searchcursor.js [36m304 [0m2.546 ms - -[0m
[0mGET /js/lib/codemirror/mode/cartocss/codemirror.palette.js [36m304 [0m4.391 ms - -[0m
[0mGET /js/lib/codemirror/mode/cartocss/codemirror.carto.complete.js [36m304 [0m4.289 ms - -[0m
[0mGET /js/lib/codemirror/mode/cartocss/codemirror.search.js [36m304 [0m3.107 ms - -[0m
[0mGET /js/lib/codemirror/mode/cartocss/sexagesimal.js [36m304 [0m2.042 ms - -[0m
[0mGET /js/lib/codemirror/mode/cartocss/spectrum.js [36m304 [0m2.296 ms - -[0m
[0mGET /js/lib/opentip/opentip-native.js [36m304 [0m2.238 ms - -[0m
[0mGET /js/lib/jss.js/jss.js [36m304 [0m2.162 ms - -[0m
[0mGET /js/src/panes/sidepane/sidepane.item.js [36m304 [0m2.231 ms - -[0m
[0mGET /js/src/core/class.js [36m304 [0m4.704 ms - -[0m
[0mGET /js/src/leaflet.js/plugins/extendLeaflet.js [36m304 [0m6.622 ms - -[0m
[0mGET /js/src/panes/sidepane/sidepane.js [36m304 [0m6.654 ms - -[0m
[0mGET /js/src/panes/sidepane/sidepane.clients.js [36m304 [0m4.970 ms - -[0m
[0mGET /js/src/panes/sidepane/sidepane.project.js [36m304 [0m2.081 ms - -[0m
[0mGET /js/src/panes/sidepane/sidepane.client.js [36m304 [0m5.557 ms - -[0m
[0mGET /js/src/panes/sidepane/sidepane.map.js [36m304 [0m7.025 ms - -[0m
[0mGET /js/src/panes/sidepane/sidepane.users.js [36m304 [0m7.051 ms - -[0m
[0mGET /js/src/panes/sidepane/sidepane.mapSettings.js [36m304 [0m7.171 ms - -[0m
[0mGET /js/src/panes/sidepane/sidepane.dataLibrary.js [36m304 [0m5.964 ms - -[0m
[0mGET /js/src/panes/sidepane/sidepane.documents.js [36m304 [0m3.188 ms - -[0m
[0mGET /js/src/panes/sidepane/sidepane.mediaLibrary.js [36m304 [0m2.770 ms - -[0m
[0mGET /js/src/panes/sidepane/sidepane.share.js [36m304 [0m2.468 ms - -[0m
[0mGET /js/src/panes/sidepane/sidepane.account.js [36m304 [0m2.402 ms - -[0m
[0mGET /js/src/panes/progresspane.js [36m304 [0m3.548 ms - -[0m
[0mGET /js/src/panes/headerpane.js [36m304 [0m4.938 ms - -[0m
[0mGET /js/src/panes/mappane.js [36m304 [0m3.036 ms - -[0m
[0mGET /js/src/panes/statuspane.js [36m304 [0m2.348 ms - -[0m
[0mGET /js/src/panes/startpane.js [36m304 [0m3.420 ms - -[0m
[0mGET /js/src/panes/errorpane.js [36m304 [0m4.830 ms - -[0m
[0mGET /js/src/panes/dropzonePane.js [36m304 [0m3.070 ms - -[0m
[0mGET /js/src/controls/inspectControl.js [36m304 [0m2.423 ms - -[0m
[0mGET /js/src/controls/zIndexControl.js [36m304 [0m4.486 ms - -[0m
[0mGET /js/src/controls/layermenuControl.js [36m304 [0m4.173 ms - -[0m
[0mGET /js/src/controls/descriptionControl.js [36m304 [0m2.540 ms - -[0m
[0mGET /js/src/controls/legendsControl.js [36m304 [0m2.687 ms - -[0m
[0mGET /js/src/controls/baselayertoggleControl.js [36m304 [0m2.238 ms - -[0m
[0mGET /js/src/controls/styleControl.js [36m304 [0m4.539 ms - -[0m
[0mGET /js/src/controls/cartocssControl.js [36m304 [0m3.113 ms - -[0m
[0mGET /js/src/controls/tooltipControl.js [36m304 [0m2.677 ms - -[0m
[0mGET /js/src/controls/mousepositionControl.js [36m304 [0m2.327 ms - -[0m
[0mGET /js/src/controls/spinningMap.js [36m304 [0m2.433 ms - -[0m
[0mGET /js/src/models/projects.js [36m304 [0m3.135 ms - -[0m
[0mGET /js/src/models/clients.js [36m304 [0m2.311 ms - -[0m
[0mGET /js/src/models/users.js [36m304 [0m2.573 ms - -[0m
[0mGET /js/src/models/layers.js [36m304 [0m5.484 ms - -[0m
[0mGET /js/src/core/config.js [36m304 [0m6.487 ms - -[0m
[0mGET /js/src/models/files.js [36m304 [0m4.886 ms - -[0m
[0mGET /js/src/core/app.js [36m304 [0m2.600 ms - -[0m
[0mGET /js/src/panes/sidepane/sidepane.project.js [36m304 [0m2.957 ms - -[0m
[0mGET /js/src/panes/sidepane/sidepane.client.js [36m304 [0m2.541 ms - -[0m
[0mGET /js/src/panes/sidepane/sidepane.users.js [36m304 [0m2.492 ms - -[0m
[0mGET /js/src/panes/sidepane/sidepane.mapSettings.js [36m304 [0m2.646 ms - -[0m
[0mGET /js/src/panes/sidepane/sidepane.dataLibrary.js [36m304 [0m3.033 ms - -[0m
[0mGET /js/src/panes/sidepane/sidepane.mediaLibrary.js [36m304 [0m2.768 ms - -[0m
[0mGET /js/src/panes/sidepane/sidepane.share.js [36m304 [0m2.470 ms - -[0m
[0mGET /js/src/panes/headerpane.js [36m304 [0m2.866 ms - -[0m
[0mGET /js/src/panes/mappane.js [36m304 [0m2.736 ms - -[0m
[0mGET /js/src/panes/startpane.js [36m304 [0m3.014 ms - -[0m
[0mGET /js/src/controls/layermenuControl.js [36m304 [0m3.095 ms - -[0m
[0mGET /js/src/controls/inspectControl.js [36m304 [0m3.037 ms - -[0m
[0mGET /js/src/controls/descriptionControl.js [36m304 [0m3.375 ms - -[0m
[0mGET /js/src/controls/legendsControl.js [36m304 [0m3.622 ms - -[0m
[0mGET /js/src/controls/cartocssControl.js [36m304 [0m4.785 ms - -[0m
[0mGET /js/src/models/projects.js [36m304 [0m2.647 ms - -[0m
[0mGET /js/src/models/clients.js [36m304 [0m3.044 ms - -[0m
[0mGET /js/src/models/users.js [36m304 [0m3.792 ms - -[0m
[0mGET /js/src/models/layers.js [36m304 [0m3.598 ms - -[0m
[0mGET /js/src/models/files.js [36m304 [0m3.154 ms - -[0m
[0mGET /js/src/core/config.js [36m304 [0m3.299 ms - -[0m
[0mGET /js/src/core/app.js [36m304 [0m3.357 ms - -[0m
[0mPOST /api/portal [32m200 [0m73.181 ms - -[0m
[0mGET /css/images/defaultProjectLogo.png [36m304 [0m4.330 ms - -[0m
[0mGET /images/undefined [33m404 [0m7.396 ms - 53[0m
[0mGET /undefined [36m304 [0m8.573 ms - -[0m
[0mGET /images/image-b72f80bd-5c5e-4863-a5b6-01354f4d086d [36m304 [0m9.397 ms - -[0m
[0mGET /css/images/bigcloud.png [36m304 [0m3.300 ms - -[0m
[0mGET /css/images/evil_sprite.png [36m304 [0m3.361 ms - -[0m
[0mGET /dist/images/icons-000000@2x.png [36m304 [0m3.275 ms - -[0m
[0mGET /images/undefined [33m404 [0m4.950 ms - 53[0m
[0mGET /systemapic/favicon.ico [36m304 [0m12.695 ms - -[0m
[0mGET / [32m200 [0m2.406 ms - 118[0m
[0mGET /login [32m200 [0m5.136 ms - -[0m
[0mGET /dist/css.login.min.css [32m200 [0m5.871 ms - -[0m
[0mGET /js/lib/mapbox.js/mapbox.2.1.4.js [32m200 [0m16.752 ms - -[0m
[0mGET /js/src/controls/spinningMap.js [32m200 [0m15.506 ms - -[0m
[0mGET /js/lib/mapbox-gl.js/mapbox-gl.js [32m200 [0m31.572 ms - -[0m
[0mGET /js/src/core/login.js [32m200 [0m3.643 ms - 793[0m
[0mGET /css/images/systemapic-login-logo.png [32m200 [0m2.915 ms - 18766[0m
[0mGET /dist/images/icons-000000@2x.png [32m200 [0m1.905 ms - 1548[0m
[33mwarn[39m:    --minUptime not set. Defaulting to: 1000ms
[33mwarn[39m:    --spinSleepTime not set. Your script will exit if it does not stay up for at least 1000ms
[33mwarn[39m:    --minUptime not set. Defaulting to: 1000ms
[33mwarn[39m:    --spinSleepTime not set. Your script will exit if it does not stay up for at least 1000ms
[33mwarn[39m:    --minUptime not set. Defaulting to: 1000ms
[33mwarn[39m:    --spinSleepTime not set. Your script will exit if it does not stay up for at least 1000ms
[0mGET /login [36m304 [0m23.620 ms - -[0m
[0mGET /dist/css.login.min.css [36m304 [0m9.925 ms - -[0m
[0mGET /js/lib/mapbox.js/mapbox.2.1.4.js [36m304 [0m9.388 ms - -[0m
[0mGET /js/src/controls/spinningMap.js [36m304 [0m7.585 ms - -[0m
[0mGET /js/src/core/login.js [36m304 [0m7.483 ms - -[0m
[0mGET /js/lib/mapbox-gl.js/mapbox-gl.js [36m304 [0m5.981 ms - -[0m
[0mGET /css/images/systemapic-login-logo.png [36m304 [0m1.193 ms - -[0m
[0mGET /dist/images/icons-000000@2x.png [36m304 [0m1.557 ms - -[0m
[0mGET /favicon.ico [32m200 [0m3.934 ms - 4286[0m
[33mwarn[39m:    --minUptime not set. Defaulting to: 1000ms
[33mwarn[39m:    --spinSleepTime not set. Your script will exit if it does not stay up for at least 1000ms
[0mGET /login [32m200 [0m26.881 ms - -[0m
[0mGET /dist/css.login.min.css [36m304 [0m11.113 ms - -[0m
[0mGET /js/lib/mapbox.js/mapbox.2.1.4.js [36m304 [0m9.035 ms - -[0m
[0mGET /js/src/controls/spinningMap.js [36m304 [0m7.166 ms - -[0m
[0mGET /js/src/core/login.js [36m304 [0m6.922 ms - -[0m
[0mGET /js/lib/mapbox-gl.js/mapbox-gl.js [36m304 [0m4.155 ms - -[0m
[0mGET /css/images/systemapic-login-logo.png [36m304 [0m1.598 ms - -[0m
[0mGET /dist/images/icons-000000@2x.png [36m304 [0m1.697 ms - -[0m
[0mPOST /login [36m302 [0m107.366 ms - 58[0m
[0mGET / [32m200 [0m25.964 ms - -[0m
[0mGET /dist/css.portal.min.css [32m200 [0m14.311 ms - -[0m
[0mGET /dist/js.portal.min.js [32m200 [0m24.404 ms - -[0m
[0mGET /dist/js.dependencies.min.js [32m200 [0m73.448 ms - -[0m
[0mPOST /api/portal [32m200 [0m82.689 ms - -[0m
[0mGET /css/images/defaultProjectLogo.png [32m200 [0m3.370 ms - 3276[0m
[0mGET /images/image-b72f80bd-5c5e-4863-a5b6-01354f4d086d [32m200 [0m11.560 ms - 8776[0m
[0mGET /images/undefined [33m404 [0m26.720 ms - 53[0m
[0mGET /undefined [32m200 [0m22.666 ms - -[0m
[0mGET /dist/images/evil_sprite.png [32m200 [0m22.239 ms - 13662[0m
[0mGET /dist/images/bigcloud.png [32m200 [0m29.377 ms - -[0m
[0mGET /images/undefined [33m404 [0m5.693 ms - 53[0m
[0mGET /systemapic/favicon.ico [32m200 [0m36.944 ms - -[0m
[33mwarn[39m:    --minUptime not set. Defaulting to: 1000ms
[33mwarn[39m:    --spinSleepTime not set. Your script will exit if it does not stay up for at least 1000ms
[0mGET /systemapic/1stproject [36m302 [0m16.863 ms - 68[0m
[0mGET /login [32m200 [0m16.290 ms - -[0m
[0mGET /dist/css.login.min.css [36m304 [0m5.920 ms - -[0m
[0mGET /js/lib/mapbox.js/mapbox.2.1.4.js [36m304 [0m4.518 ms - -[0m
[0mGET /js/lib/mapbox-gl.js/mapbox-gl.js [36m304 [0m4.390 ms - -[0m
[0mGET /js/src/controls/spinningMap.js [36m304 [0m4.174 ms - -[0m
[0mGET /js/src/core/login.js [36m304 [0m1.577 ms - -[0m
[0mGET /css/images/systemapic-login-logo.png [36m304 [0m1.987 ms - -[0m
[0mGET /dist/images/icons-000000@2x.png [36m304 [0m1.959 ms - -[0m
[0mPOST /login [36m302 [0m95.514 ms - 58[0m
[0mGET / [32m200 [0m25.623 ms - -[0m
[0mGET /dist/js.dependencies.js [32m200 [0m24.619 ms - -[0m
[0mGET /dist/css.portal.css [32m200 [0m29.266 ms - -[0m
[0mGET /dist/js.portal.js [32m200 [0m29.970 ms - -[0m
[0mGET / [32m200 [0m33.349 ms - -[0m
[0mGET /dist/js.portal.js [36m304 [0m16.722 ms - -[0m
[0mGET /dist/css.portal.css [36m304 [0m8.845 ms - -[0m
[0mGET /dist/js.dependencies.js [36m304 [0m13.981 ms - -[0m
[0mGET /dist/css.portal.css [36m304 [0m9.296 ms - -[0m
[33mwarn[39m:    --minUptime not set. Defaulting to: 1000ms
[33mwarn[39m:    --spinSleepTime not set. Your script will exit if it does not stay up for at least 1000ms
[0mGET / [32m200 [0m18.913 ms - 118[0m
[0mGET /login [32m200 [0m14.062 ms - -[0m
[0mGET /dist/css.login.min.css [32m200 [0m10.611 ms - -[0m
[0mGET /js/src/controls/spinningMap.js [32m200 [0m3.897 ms - -[0m
[0mGET /js/lib/mapbox.js/mapbox.2.1.4.js [32m200 [0m17.392 ms - -[0m
[0mGET /js/lib/mapbox-gl.js/mapbox-gl.js [32m200 [0m22.141 ms - -[0m
[0mGET /js/src/core/login.js [32m200 [0m2.362 ms - 793[0m
[0mGET /css/images/systemapic-login-logo.png [32m200 [0m2.313 ms - 18766[0m
[0mGET /dist/images/icons-000000@2x.png [32m200 [0m2.002 ms - 1548[0m
[0mPOST /login [36m302 [0m97.181 ms - 58[0m
[0mGET / [32m200 [0m25.602 ms - -[0m
[0mGET /dist/css.portal.min.css [32m200 [0m14.382 ms - -[0m
[0mGET /dist/js.portal.min.js [32m200 [0m25.238 ms - -[0m
[0mGET /dist/js.dependencies.min.js [32m200 [0m62.696 ms - -[0m
[0mPOST /api/portal [32m200 [0m77.803 ms - -[0m
[0mGET /css/images/defaultProjectLogo.png [32m200 [0m4.131 ms - 3276[0m
[0mGET /images/undefined [33m404 [0m8.198 ms - 53[0m
[0mGET /dist/images/evil_sprite.png [32m200 [0m20.719 ms - 13662[0m
[0mGET /images/image-b72f80bd-5c5e-4863-a5b6-01354f4d086d [32m200 [0m21.562 ms - 8776[0m
[0mGET /undefined [32m200 [0m20.163 ms - -[0m
[0mGET /dist/images/bigcloud.png [32m200 [0m39.011 ms - -[0m
[0mGET /images/undefined [33m404 [0m5.477 ms - 53[0m
[0mGET /systemapic/favicon.ico [32m200 [0m16.541 ms - -[0m
[33mwarn[39m:    --minUptime not set. Defaulting to: 1000ms
[33mwarn[39m:    --spinSleepTime not set. Your script will exit if it does not stay up for at least 1000ms
[0mGET /systemapic/832d32 [36m302 [0m18.910 ms - 68[0m
[0mGET /login [32m200 [0m16.000 ms - -[0m
[0mGET /dist/css.login.min.css [32m200 [0m10.287 ms - -[0m
[0mGET /js/lib/mapbox.js/mapbox.2.1.4.js [32m200 [0m29.211 ms - -[0m
[0mGET /js/src/core/login.js [32m200 [0m5.009 ms - 793[0m
[0mGET /js/src/controls/spinningMap.js [32m200 [0m6.701 ms - -[0m
[0mGET /js/lib/mapbox-gl.js/mapbox-gl.js [32m200 [0m24.600 ms - -[0m
[0mGET /css/images/systemapic-login-logo.png [32m200 [0m2.426 ms - 18766[0m
[0mGET /dist/images/icons-000000@2x.png [32m200 [0m2.134 ms - 1548[0m
[0mPOST /login [36m302 [0m95.123 ms - 58[0m
[0mGET / [32m200 [0m21.990 ms - -[0m
[0mGET /dist/css.portal.min.css [32m200 [0m18.455 ms - -[0m
[0mGET /js/src/leaflet.js/plugins/extendLeaflet.js [32m200 [0m11.597 ms - -[0m
[0mGET /js/src/panes/sidepane/sidepane.js [32m200 [0m11.156 ms - -[0m
[0mGET /js/src/core/class.js [32m200 [0m19.490 ms - -[0m
[0mGET /dist/js.dependencies.min.js [32m200 [0m85.322 ms - -[0m
[0mGET /js/src/panes/sidepane/sidepane.item.js [32m200 [0m13.552 ms - -[0m
[0mGET /js/src/panes/sidepane/sidepane.clients.js [32m200 [0m13.441 ms - -[0m
[0mGET /js/src/panes/sidepane/sidepane.project.js [32m200 [0m13.827 ms - -[0m
[0mGET /js/src/panes/sidepane/sidepane.client.js [32m200 [0m5.668 ms - -[0m
[0mGET /js/src/panes/sidepane/sidepane.users.js [32m200 [0m4.816 ms - -[0m
[0mGET /js/src/panes/sidepane/sidepane.map.js [32m200 [0m11.199 ms - -[0m
[0mGET /js/src/panes/sidepane/sidepane.documents.js [32m200 [0m10.575 ms - -[0m
[0mGET /js/src/panes/sidepane/sidepane.mapSettings.js [32m200 [0m12.398 ms - -[0m
[0mGET /js/src/panes/sidepane/sidepane.mediaLibrary.js [32m200 [0m9.274 ms - -[0m
[0mGET /js/src/panes/sidepane/sidepane.dataLibrary.js [32m200 [0m7.646 ms - -[0m
[0mGET /js/src/panes/sidepane/sidepane.share.js [32m200 [0m3.889 ms - -[0m
[0mGET /js/src/panes/sidepane/sidepane.account.js [32m200 [0m5.958 ms - 733[0m
[0mGET /js/src/panes/headerpane.js [32m200 [0m6.620 ms - -[0m
[0mGET /js/src/panes/progresspane.js [32m200 [0m4.375 ms - -[0m
[0mGET /js/src/panes/mappane.js [32m200 [0m5.557 ms - -[0m
[0mGET /js/src/panes/statuspane.js [32m200 [0m6.586 ms - -[0m
[0mGET /js/src/panes/startpane.js [32m200 [0m6.420 ms - -[0m
[0mGET /js/src/panes/errorpane.js [32m200 [0m6.657 ms - -[0m
[0mGET /js/src/panes/dropzonePane.js [32m200 [0m6.430 ms - -[0m
[0mGET /js/src/controls/zIndexControl.js [32m200 [0m3.088 ms - -[0m
[0mGET /js/src/controls/layermenuControl.js [32m200 [0m6.466 ms - -[0m
[0mGET /js/src/controls/inspectControl.js [32m200 [0m6.267 ms - -[0m
[0mGET /js/src/controls/descriptionControl.js [32m200 [0m5.324 ms - -[0m
[0mGET /js/src/controls/legendsControl.js [32m200 [0m8.932 ms - -[0m
[0mGET /js/src/controls/mousepositionControl.js [32m200 [0m7.321 ms - -[0m
[0mGET /js/src/controls/baselayertoggleControl.js [32m200 [0m3.305 ms - -[0m
[0mGET /js/src/controls/styleControl.js [32m200 [0m4.524 ms - -[0m
[0mGET /js/src/controls/tooltipControl.js [32m200 [0m4.904 ms - -[0m
[0mGET /js/src/controls/cartocssControl.js [32m200 [0m7.640 ms - -[0m
[0mGET /js/src/controls/spinningMap.js [32m200 [0m30.685 ms - -[0m
[0mGET /js/src/models/clients.js [32m200 [0m29.424 ms - -[0m
[0mGET /js/src/models/projects.js [32m200 [0m31.978 ms - -[0m
[0mGET /js/src/models/users.js [32m200 [0m3.570 ms - -[0m
[0mGET /js/src/models/layers.js [32m200 [0m5.060 ms - -[0m
[0mGET /js/src/models/files.js [32m200 [0m3.911 ms - -[0m
[0mGET /js/src/core/config.js [32m200 [0m5.107 ms - -[0m
[0mGET /js/src/core/app.js [32m200 [0m5.268 ms - -[0m
[0mPOST /api/portal [32m200 [0m57.441 ms - -[0m
[0mGET /dist/images/evil_sprite.png [32m200 [0m3.005 ms - 13662[0m
[0mGET /dist/images/bigcloud.png [32m200 [0m16.399 ms - -[0m
[0mGET /css/images/defaultProjectLogo.png [32m200 [0m8.714 ms - 3276[0m
[0mGET /images/undefined [33m404 [0m10.724 ms - 53[0m
[0mGET /images/image-b72f80bd-5c5e-4863-a5b6-01354f4d086d [32m200 [0m10.761 ms - 8776[0m
[0mGET /systemapic/favicon.ico [32m200 [0m17.700 ms - -[0m
[0mGET /images/image-c9471cb2-7e0e-417d-a048-2ac501e7e96f [33m404 [0m3.351 ms - 86[0m
[0mGET /images/image-0359b349-6312-4fe5-b5d7-346a7a0d3c38 [33m404 [0m2.612 ms - 86[0m
[0mGET /systemapic/832d32 [32m200 [0m16.832 ms - -[0m
[33mwarn[39m:    --minUptime not set. Defaulting to: 1000ms
[33mwarn[39m:    --spinSleepTime not set. Your script will exit if it does not stay up for at least 1000ms
[0mGET /systemapic/832d32 [36m302 [0m17.113 ms - 68[0m
[0mGET /login [32m200 [0m17.887 ms - -[0m
[0mGET /dist/css.login.min.css [32m200 [0m15.769 ms - -[0m
[0mGET /js/src/core/login.js [32m200 [0m5.130 ms - 793[0m
[0mGET /js/src/controls/spinningMap.js [32m200 [0m9.880 ms - -[0m
[0mGET /js/lib/mapbox.js/mapbox.2.1.4.js [32m200 [0m20.864 ms - -[0m
[0mGET /js/lib/mapbox-gl.js/mapbox-gl.js [32m200 [0m25.542 ms - -[0m
[0mGET /css/images/systemapic-login-logo.png [32m200 [0m2.719 ms - 18766[0m
[0mGET /dist/images/icons-000000@2x.png [32m200 [0m2.337 ms - 1548[0m
[0mPOST /login [36m302 [0m106.477 ms - 58[0m
[0mGET / [32m200 [0m27.648 ms - -[0m
[0mGET /js/src/leaflet.js/plugins/leaflet-search/src/leaflet-search.css [32m200 [0m17.205 ms - -[0m
[0mGET /js/lib/codemirror/lib/codemirror.css [32m200 [0m17.519 ms - -[0m
[0mGET /js/lib/codemirror/mode/cartocss/codemirror.carto.css [32m200 [0m16.914 ms - -[0m
[0mGET /js/lib/codemirror/mode/cartocss/spectrum.css [32m200 [0m14.313 ms - -[0m
[0mGET /js/lib/codemirror/mode/cartocss/codemirror.fetta.css [32m200 [0m14.186 ms - -[0m
[0mGET /dist/css.dependencies.min.css [32m200 [0m23.327 ms - -[0m
[0mGET /css/opentip.css [32m200 [0m6.872 ms - -[0m
[0mGET /js/lib/codemirror/theme/mbo.css [32m200 [0m7.674 ms - -[0m
[0mGET /css/knut.css [32m200 [0m8.049 ms - -[0m
[0mGET /css/evil.css [32m200 [0m5.338 ms - 472[0m
[0mGET /css/style.css [32m200 [0m11.875 ms - -[0m
[0mGET /js/lib/lodash/lodash.min.js [32m200 [0m12.013 ms - -[0m
[0mGET /js/lib/parallel.js/parallel.js [32m200 [0m13.056 ms - -[0m
[0mGET /js/lib/codemirror/mode/cartocss/jquery-2.1.1.min.js [32m200 [0m20.628 ms - -[0m
[0mGET /js/lib/async/async.js [32m200 [0m11.239 ms - -[0m
[0mGET /js/src/leaflet.js/leaflet-0.7.3-src.js [32m200 [0m25.996 ms - -[0m
[0mGET /js/src/leaflet.js/plugins/leaflet.geojson.draw.js [32m200 [0m12.983 ms - -[0m
[0mGET /js/src/leaflet.js/plugins/leaflet-search/src/leaflet-search.js [32m200 [0m10.390 ms - -[0m
[0mGET /js/src/leaflet.js/plugins/leaflet.draw-src.js [32m200 [0m13.641 ms - -[0m
[0mGET /js/lib/mapbox.js/mapbox.standalone.uncompressed.js [32m200 [0m41.486 ms - -[0m
[0mGET /js/src/leaflet.js/plugins/leaflet.utfgrid.js [32m200 [0m5.302 ms - -[0m
[0mGET /js/lib/d3.js/topojson.v1.min.js [32m200 [0m8.001 ms - -[0m
[0mGET /js/lib/icanhaz/icanhaz.min.js [32m200 [0m6.667 ms - -[0m
[0mGET /js/lib/dropzone.js/dropzone.min.js [32m200 [0m8.695 ms - -[0m
[0mGET /js/lib/list.js/list.min.js [32m200 [0m5.273 ms - -[0m
[0mGET /js/lib/sortable.js/Sortable.js [32m200 [0m4.381 ms - -[0m
[0mGET /js/lib/powerange/powerange.min.js [32m200 [0m6.401 ms - -[0m
[0mGET /js/src/grande.js/js/grande.class.js [32m200 [0m4.300 ms - -[0m
[0mGET /js/src/grande.js/js/grande.js [32m200 [0m6.920 ms - -[0m
[0mGET /js/src/grande.js/js/grande.attachments.js [32m200 [0m5.794 ms - -[0m
[0mGET /js/lib/codemirror/mode/cartocss/cartoref.js [32m200 [0m10.429 ms - -[0m
[0mGET /js/lib/codemirror/mode/cartocss/runmode.js [32m200 [0m7.863 ms - -[0m
[0mGET /js/lib/codemirror/mode/cartocss/searchcursor.js [32m200 [0m6.284 ms - -[0m
[0mGET /js/lib/codemirror/mode/cartocss/codemirror.carto.js [32m200 [0m5.155 ms - -[0m
[0mGET /js/lib/codemirror/mode/cartocss/codemirror.carto.complete.js [32m200 [0m4.991 ms - -[0m
[0mGET /js/lib/codemirror/lib/codemirror.js [32m200 [0m35.721 ms - -[0m
[0mGET /js/lib/codemirror/mode/cartocss/codemirror.search.js [32m200 [0m4.519 ms - -[0m
[0mGET /js/lib/codemirror/mode/cartocss/sexagesimal.js [32m200 [0m7.865 ms - -[0m
[0mGET /js/lib/codemirror/mode/cartocss/codemirror.palette.js [32m200 [0m6.409 ms - -[0m
[0mGET /js/lib/jss.js/jss.js [32m200 [0m4.305 ms - -[0m
[0mGET /js/lib/codemirror/mode/cartocss/spectrum.js [32m200 [0m9.101 ms - -[0m
[0mGET /js/lib/opentip/opentip-native.js [32m200 [0m8.629 ms - -[0m
[0mGET /dist/js.portal.min.js [32m200 [0m22.790 ms - -[0m
[0mGET /css/style.css.map [32m200 [0m2.417 ms - 50404[0m
[0mPOST /api/portal [32m200 [0m63.712 ms - -[0m
[0mGET /dist/images/icons-000000@2x.png [32m200 [0m9.153 ms - 1548[0m
[0mGET /css/images/evil_sprite.png [32m200 [0m7.804 ms - 25976[0m
[0mGET /css/images/bigcloud.png [32m200 [0m7.412 ms - 5258[0m
[0mGET /css/images/defaultProjectLogo.png [32m200 [0m9.885 ms - 3276[0m
[0mGET /images/undefined [33m404 [0m8.458 ms - 53[0m
[0mGET /images/image-b72f80bd-5c5e-4863-a5b6-01354f4d086d [32m200 [0m8.651 ms - 8776[0m
[0mGET /systemapic/favicon.ico [32m200 [0m41.983 ms - -[0m
[33mwarn[39m:    --minUptime not set. Defaulting to: 1000ms
[33mwarn[39m:    --spinSleepTime not set. Your script will exit if it does not stay up for at least 1000ms
[0mGET /systemapic/832d32 [36m302 [0m14.273 ms - 68[0m
[0mGET /login [32m200 [0m13.760 ms - -[0m
[0mGET /dist/css.login.min.css [32m200 [0m19.740 ms - -[0m
[0mGET /js/src/core/login.js [32m200 [0m14.182 ms - 793[0m
[0mGET /js/src/controls/spinningMap.js [32m200 [0m15.277 ms - -[0m
[0mGET /js/lib/mapbox.js/mapbox.2.1.4.js [32m200 [0m26.618 ms - -[0m
[0mGET /js/lib/mapbox-gl.js/mapbox-gl.js [32m200 [0m29.829 ms - -[0m
[0mGET /css/images/systemapic-login-logo.png [32m200 [0m2.552 ms - 18766[0m
[0mGET /dist/images/icons-000000@2x.png [32m200 [0m2.020 ms - 1548[0m
[0mPOST /login [36m302 [0m95.766 ms - 58[0m
[0mGET / [32m200 [0m24.256 ms - -[0m
[0mGET /dist/css.portal.min.css [32m200 [0m21.823 ms - -[0m
[0mGET /dist/js.portal.min.js [32m200 [0m31.647 ms - -[0m
[0mGET /dist/js.dependencies.min.js [32m200 [0m79.489 ms - -[0m
[0mPOST /api/portal [32m200 [0m71.359 ms - -[0m
[0mGET /dist/images/evil_sprite.png [32m200 [0m24.005 ms - 13662[0m
[0mGET /dist/images/bigcloud.png [32m200 [0m23.871 ms - -[0m
[0mGET /css/images/defaultProjectLogo.png [32m200 [0m10.253 ms - 3276[0m
[0mGET /images/undefined [33m404 [0m11.156 ms - 53[0m
[0mGET /images/image-b72f80bd-5c5e-4863-a5b6-01354f4d086d [32m200 [0m11.095 ms - 8776[0m
[0mGET /systemapic/favicon.ico [32m200 [0m34.556 ms - -[0m
[0mGET /systemapic/832d32 [32m200 [0m17.821 ms - -[0m
